#
# There is insufficient memory for the Java Runtime Environment to continue.
# Native memory allocation (mmap) failed to map 134217728 bytes for G1 virtual space
# Possible reasons:
#   The system is out of physical RAM or swap space
#   The process is running with CompressedOops enabled, and the Java Heap may be blocking the growth of the native heap
# Possible solutions:
#   Reduce memory load on the system
#   Increase physical memory or swap space
#   Check if swap backing store is full
#   Decrease Java heap size (-Xmx/-Xms)
#   Decrease number of Java threads
#   Decrease Java thread stack sizes (-Xss)
#   Set larger code cache with -XX:ReservedCodeCacheSize=
#   JVM is running with Unscaled Compressed Oops mode in which the Java heap is
#     placed in the first 4GB address space. The Java Heap base address is the
#     maximum limit for the native heap growth. Please use -XX:HeapBaseMinAddress
#     to set the Java Heap base and to place the Java Heap above 4GB virtual address.
# This output file may be truncated or incomplete.
#
#  Out of Memory Error (./open/src/hotspot/os/windows/os_windows.cpp:3321), pid=40416, tid=28824
#
# JRE version:  (15.0.2+7) (build )
# Java VM: Java HotSpot(TM) 64-Bit Server VM (15.0.2+7-27, mixed mode, sharing, tiered, compressed oops, g1 gc, windows-amd64)
# No core dump will be written. Minidumps are not enabled by default on client versions of Windows
#

---------------  S U M M A R Y ------------

Command Line: -Dfile.encoding=UTF-8 -XX:+ShowCodeDetailsInExceptionMessages Login.FindId

Host: Intel(R) Core(TM) i3-6006U CPU @ 2.00GHz, 4 cores, 7G,  Windows 10 , 64 bit Build 19041 (10.0.19041.1023)
Time: Wed Jun 16 22:18:16 2021 대한민국 표준시 elapsed time: 0.075786 seconds (0d 0h 0m 0s)

---------------  T H R E A D  ---------------

Current thread (0x0000020d025bdff0):  JavaThread "Unknown thread" [_thread_in_vm, id=28824, stack(0x00000064bee00000,0x00000064bef00000)]

Stack: [0x00000064bee00000,0x00000064bef00000]
Native frames: (J=compiled Java code, j=interpreted, Vv=VM code, C=native code)
V  [jvm.dll+0x62ae9a]
V  [jvm.dll+0x7817a9]
V  [jvm.dll+0x782f03]
V  [jvm.dll+0x783563]
V  [jvm.dll+0x216325]
V  [jvm.dll+0x6281d9]
V  [jvm.dll+0x61cf55]
V  [jvm.dll+0x2cffdd]
V  [jvm.dll+0x2cfe42]
V  [jvm.dll+0x2d5e1c]
V  [jvm.dll+0x32590a]
V  [jvm.dll+0x324fd4]
V  [jvm.dll+0x2a6f5a]
V  [jvm.dll+0x2a80f8]
V  [jvm.dll+0x75e241]
V  [jvm.dll+0x3341c4]
V  [jvm.dll+0x73e926]
V  [jvm.dll+0x3b7557]
V  [jvm.dll+0x3b8fe1]
C  [jli.dll+0x52fb]
C  [ucrtbase.dll+0x21bb2]
C  [KERNEL32.DLL+0x17034]
C  [ntdll.dll+0x52651]


---------------  P R O C E S S  ---------------

Threads class SMR info:
_java_thread_list=0x00007ffb66104ff0, length=0, elements={
}

Java Threads: ( => current thread )

Other Threads:
  0x0000020d045c1dd0 GCTaskThread "GC Thread#0" [stack: 0x00000064bef00000,0x00000064bf000000] [id=7404]
  0x0000020d045d44e0 ConcurrentGCThread "G1 Main Marker" [stack: 0x00000064bf000000,0x00000064bf100000] [id=32616]
  0x0000020d045d5060 ConcurrentGCThread "G1 Conc#0" [stack: 0x00000064bf100000,0x00000064bf200000] [id=25476]

[error occurred during error reporting (printing all threads), id 0xc0000005, EXCEPTION_ACCESS_VIOLATION (0xc0000005) at pc=0x00007ffb658f7e27]

VM state: not at safepoint (not fully initialized)

VM Mutex/Monitor currently owned by a thread:  ([mutex/lock_event])
[0x0000020d025bb3d0] Heap_lock - owner thread: 0x0000020d025bdff0

Heap address: 0x0000000081400000, size: 2028 MB, Compressed Oops mode: 32-bit
CDS archive(s) mapped at: [0x0000000000000000-0x0000000000000000-0x0000000000000000), size 0, SharedBaseAddress: 0x0000000800000000, ArchiveRelocationMode: 0.
Narrow klass base: 0x0000000000000000, Narrow klass shift: 0, Narrow klass range: 0x0

Heap:
 garbage-first heap   total 131072K, used 0K [0x0000000081400000, 0x0000000100000000)
  region size 1024K, 0 young (0K), 0 survivors (0K)
 Metaspace       used 0K, capacity 0K, committed 0K, reserved 0K
  class space    used 0K, capacity 0K, committed 0K, reserved 0K

Heap Regions: E=young(eden), S=young(survivor), O=old, HS=humongous(starts), HC=humongous(continues), CS=collection set, F=free, OA=open archive, CA=closed archive, TAMS=top-at-mark-start (previous, next)

Card table byte_map: [0x0000020d1bbc0000,0x0000020d1bfc0000] _byte_map_base: 0x0000020d1b7b6000

Marking Bits (Prev, Next): (CMBitMap*) 0x0000020d045c3560, (CMBitMap*) 0x0000020d045c35a0
 Prev Bits: [0x0000020d1c3c0000, 0x0000020d1e370000)
 Next Bits: [0x0000020d1e370000, 0x0000020d20320000)

GC Heap History (0 events):
No events

Deoptimization events (0 events):
No events

Classes unloaded (0 events):
No events

Classes redefined (0 events):
No events

Internal exceptions (0 events):
No events

Events (1 events):
Event: 0.054 Loaded shared library C:\Program Files\Java\jdk-15.0.2\bin\java.dll


Dynamic libraries:
0x00007ff69e220000 - 0x00007ff69e22f000 	C:\Program Files\Java\jdk-15.0.2\bin\javaw.exe
0x00007ffba6c10000 - 0x00007ffba6e05000 	C:\WINDOWS\SYSTEM32\ntdll.dll
0x00007ffba61f0000 - 0x00007ffba62ad000 	C:\WINDOWS\System32\KERNEL32.DLL
0x00007ffba4450000 - 0x00007ffba4718000 	C:\WINDOWS\System32\KERNELBASE.dll
0x00007ffba4350000 - 0x00007ffba4450000 	C:\WINDOWS\System32\ucrtbase.dll
0x00007ffb9a670000 - 0x00007ffb9a688000 	C:\Program Files\Java\jdk-15.0.2\bin\jli.dll
0x00007ffba5c30000 - 0x00007ffba5cdc000 	C:\WINDOWS\System32\ADVAPI32.dll
0x00007ffba6350000 - 0x00007ffba63ee000 	C:\WINDOWS\System32\msvcrt.dll
0x00007ffba64f0000 - 0x00007ffba658b000 	C:\WINDOWS\System32\sechost.dll
0x00007ffba5ce0000 - 0x00007ffba5e0b000 	C:\WINDOWS\System32\RPCRT4.dll
0x00007ffba6590000 - 0x00007ffba6730000 	C:\WINDOWS\System32\USER32.dll
0x00007ffba4780000 - 0x00007ffba47a2000 	C:\WINDOWS\System32\win32u.dll
0x00007ffba64a0000 - 0x00007ffba64ca000 	C:\WINDOWS\System32\GDI32.dll
0x00007ffba4b70000 - 0x00007ffba4c7b000 	C:\WINDOWS\System32\gdi32full.dll
0x00007ffba4860000 - 0x00007ffba48fd000 	C:\WINDOWS\System32\msvcp_win.dll
0x00007ffb942e0000 - 0x00007ffb942f9000 	C:\Program Files\Java\jdk-15.0.2\bin\VCRUNTIME140.dll
0x00007ffb94b50000 - 0x00007ffb94dea000 	C:\WINDOWS\WinSxS\amd64_microsoft.windows.common-controls_6595b64144ccf1df_6.0.19041.1052_none_60b8f8fd71f5e8cb\COMCTL32.dll
0x00007ffb9aee0000 - 0x00007ffb9aeea000 	C:\WINDOWS\SYSTEM32\VERSION.dll
0x00007ffba6320000 - 0x00007ffba6350000 	C:\WINDOWS\System32\IMM32.DLL
0x00007ffb94990000 - 0x00007ffb9499c000 	C:\Program Files\Java\jdk-15.0.2\bin\vcruntime140_1.dll
0x00007ffb860a0000 - 0x00007ffb86131000 	C:\Program Files\Java\jdk-15.0.2\bin\msvcp140.dll
0x00007ffb65640000 - 0x00007ffb6619e000 	C:\Program Files\Java\jdk-15.0.2\bin\server\jvm.dll
0x00007ffba6b10000 - 0x00007ffba6b18000 	C:\WINDOWS\System32\PSAPI.DLL
0x00007ffba2360000 - 0x00007ffba2369000 	C:\WINDOWS\SYSTEM32\WSOCK32.dll
0x00007ffba6180000 - 0x00007ffba61eb000 	C:\WINDOWS\System32\WS2_32.dll
0x00007ffb96c00000 - 0x00007ffb96c27000 	C:\WINDOWS\SYSTEM32\WINMM.dll
0x00007ffba2c20000 - 0x00007ffba2c32000 	C:\WINDOWS\SYSTEM32\kernel.appcore.dll
0x00007ffb94880000 - 0x00007ffb9488a000 	C:\Program Files\Java\jdk-15.0.2\bin\jimage.dll
0x00007ffba2150000 - 0x00007ffba2334000 	C:\WINDOWS\SYSTEM32\DBGHELP.DLL
0x00007ffb9b120000 - 0x00007ffb9b14c000 	C:\WINDOWS\SYSTEM32\dbgcore.DLL
0x00007ffba4900000 - 0x00007ffba4983000 	C:\WINDOWS\System32\bcryptPrimitives.dll
0x00007ffb86790000 - 0x00007ffb867b5000 	C:\Program Files\Java\jdk-15.0.2\bin\java.dll

dbghelp: loaded successfully - version: 4.0.5 - missing functions: none
symbol engine: initialized successfully - sym options: 0x614 - pdb path: .;C:\Program Files\Java\jdk-15.0.2\bin;C:\WINDOWS\SYSTEM32;C:\WINDOWS\WinSxS\amd64_microsoft.windows.common-controls_6595b64144ccf1df_6.0.19041.1052_none_60b8f8fd71f5e8cb;C:\Program Files\Java\jdk-15.0.2\bin\server

VM Arguments:
jvm_args: -Dfile.encoding=UTF-8 -XX:+ShowCodeDetailsInExceptionMessages 
java_command: Login.FindId
java_class_path (initial): C:\Java_DS\CokeProject\target\classes;C:\Users\User\.m2\repository\com\oracle\database\jdbc\ojdbc8\21.1.0.0\ojdbc8-21.1.0.0.jar;C:\Users\User\.m2\repository\mysql\mysql-connector-java\8.0.25\mysql-connector-java-8.0.25.jar;C:\Users\User\.m2\repository\com\google\protobuf\protobuf-java\3.11.4\protobuf-java-3.11.4.jar;C:\Users\User\.m2\repository\org\projectlombok\lombok\1.18.20\lombok-1.18.20.jar
Launcher Type: SUN_STANDARD

[Global flags]
     intx CICompilerCount                          = 3                                         {product} {ergonomic}
     uint ConcGCThreads                            = 1                                         {product} {ergonomic}
     uint G1ConcRefinementThreads                  = 4                                         {product} {ergonomic}
   size_t G1HeapRegionSize                         = 1048576                                   {product} {ergonomic}
    uintx GCDrainStackTargetSize                   = 64                                        {product} {ergonomic}
   size_t InitialHeapSize                          = 134217728                                 {product} {ergonomic}
   size_t MarkStackSize                            = 4194304                                   {product} {ergonomic}
   size_t MaxHeapSize                              = 2126512128                                {product} {ergonomic}
   size_t MinHeapDeltaBytes                        = 1048576                                   {product} {ergonomic}
   size_t MinHeapSize                              = 8388608                                   {product} {ergonomic}
    uintx NonNMethodCodeHeapSize                   = 5832780                                {pd product} {ergonomic}
    uintx NonProfiledCodeHeapSize                  = 122912730                              {pd product} {ergonomic}
    uintx ProfiledCodeHeapSize                     = 122912730                              {pd product} {ergonomic}
    uintx ReservedCodeCacheSize                    = 251658240                              {pd product} {ergonomic}
     bool SegmentedCodeCache                       = true                                      {product} {ergonomic}
     bool ShowCodeDetailsInExceptionMessages       = true                                   {manageable} {command line}
   size_t SoftMaxHeapSize                          = 2126512128                             {manageable} {ergonomic}
     bool UseCompressedClassPointers               = true                                 {lp64_product} {ergonomic}
     bool UseCompressedOops                        = true                                 {lp64_product} {ergonomic}
     bool UseG1GC                                  = true                                      {product} {ergonomic}
     bool UseLargePagesIndividualAllocation        = false                                  {pd product} {ergonomic}

Logging:
Log output configuration:
 #0: stdout all=warning uptime,level,tags
 #1: stderr all=off uptime,level,tags

Environment Variables:
PATH=C:\oraclexe\app\oracle\product\11.2.0\server\bin;C:\Program Files\Common Files\Oracle\Java\javapath;C:\Program Files\Java\jdk-15.0.2\bin;C:\oraclexe\app\oracle\product\11.2.0\server\bin;C:\Program Files (x86)\Intel\iCLS Client\;C:\Program Files\Intel\iCLS Client\;C:\WINDOWS\system32;C:\WINDOWS;C:\WINDOWS\System32\Wbem;C:\WINDOWS\System32\WindowsPowerShell\v1.0\;C:\Program Files\Intel\WiFi\bin\;C:\Program Files\Common Files\Intel\WirelessCommon\;C:\Program Files (x86)\Intel\Intel(R) Management Engine Components\DAL;C:\Program Files\Intel\Intel(R) Management Engine Components\DAL;C:\Program Files (x86)\Intel\Intel(R) Management Engine Components\IPT;C:\Program Files\Intel\Intel(R) Management Engine Components\IPT;C:\WINDOWS\System32\OpenSSH\;C:\Program Files\dotnet\;C:\Program Files\MySQL\MySQL Server 8.0\bin;C:\Program Files\MySQL\MySQL Shell 8.0\bin\;C:\Users\User\AppData\Local\Programs\Python\Python39\Scripts\;C:\Users\User\AppData\Local\Programs\Python\Python39\;C:\Users\User\AppData\Local\Programs\Python\Python38\Scripts\;C:\Users\User\AppData\Local\Programs\Python\Python38\;C:\Users\User\AppData\Local\Microsoft\WindowsApps;;C:\Program Files\JetBrains\PyCharm Community Edition 2019.3.4\bin;;C:\Users\User\AppData\Local\Programs\Microsoft VS Code\bin;C:\Users\User\.dotnet\tools
USERNAME=User
OS=Windows_NT
PROCESSOR_IDENTIFIER=Intel64 Family 6 Model 78 Stepping 3, GenuineIntel



---------------  S Y S T E M  ---------------

OS:
 Windows 10 , 64 bit Build 19041 (10.0.19041.1023)
OS uptime: 3 days 18:27 hours

CPU: total 4 (initial active 4) (2 cores per cpu, 2 threads per core) family 6 model 78 stepping 3 microcode 0xcc, cmov, cx8, fxsr, mmx, sse, sse2, sse3, ssse3, sse4.1, sse4.2, popcnt, vzeroupper, avx, avx2, aes, clmul, erms, 3dnowpref, lzcnt, ht, tsc, tscinvbit, bmi1, bmi2, adx, fma, clflush, clflushopt

Memory: 4k page, system-wide physical 8110M (415M free)
TotalPageFile size 32686M (AvailPageFile size 37M)
current process WorkingSet (physical memory assigned to process): 10M, peak: 10M
current process commit charge ("private bytes"): 51M, peak: 179M

vm_info: Java HotSpot(TM) 64-Bit Server VM (15.0.2+7-27) for windows-amd64 JRE (15.0.2+7-27), built on Dec  7 2020 20:07:01 by "mach5one" with unknown MS VC++:1925

END.
