#
# There is insufficient memory for the Java Runtime Environment to continue.
# Native memory allocation (malloc) failed to allocate 956272 bytes for Chunk::new
# Possible reasons:
#   The system is out of physical RAM or swap space
#   The process is running with CompressedOops enabled, and the Java Heap may be blocking the growth of the native heap
# Possible solutions:
#   Reduce memory load on the system
#   Increase physical memory or swap space
#   Check if swap backing store is full
#   Decrease Java heap size (-Xmx/-Xms)
#   Decrease number of Java threads
#   Decrease Java thread stack sizes (-Xss)
#   Set larger code cache with -XX:ReservedCodeCacheSize=
#   JVM is running with Unscaled Compressed Oops mode in which the Java heap is
#     placed in the first 4GB address space. The Java Heap base address is the
#     maximum limit for the native heap growth. Please use -XX:HeapBaseMinAddress
#     to set the Java Heap base and to place the Java Heap above 4GB virtual address.
# This output file may be truncated or incomplete.
#
#  Out of Memory Error (./open/src/hotspot/share/memory/arena.cpp:195), pid=65308, tid=56844
#
# JRE version: Java(TM) SE Runtime Environment (15.0.2+7) (build 15.0.2+7-27)
# Java VM: Java HotSpot(TM) 64-Bit Server VM (15.0.2+7-27, mixed mode, sharing, tiered, compressed oops, g1 gc, windows-amd64)
# No core dump will be written. Minidumps are not enabled by default on client versions of Windows
#

---------------  S U M M A R Y ------------

Command Line: -Dfile.encoding=UTF-8 -XX:+ShowCodeDetailsInExceptionMessages Main.selectNotebook

Host: Intel(R) Core(TM) i3-6006U CPU @ 2.00GHz, 4 cores, 7G,  Windows 10 , 64 bit Build 19041 (10.0.19041.928)
Time: Fri Jun 11 05:08:25 2021 대한민국 표준시 elapsed time: 10680.720051 seconds (0d 2h 58m 0s)

---------------  T H R E A D  ---------------

Current thread (0x000002a87f54f6a0):  JavaThread "C2 CompilerThread0" daemon [_thread_in_native, id=56844, stack(0x000000d54ef00000,0x000000d54f000000)]


Current CompileTask:
C2:10680720 2538       4       java.net.URLStreamHandler::parseURL (1201 bytes)

Stack: [0x000000d54ef00000,0x000000d54f000000]
Native frames: (J=compiled Java code, j=interpreted, Vv=VM code, C=native code)
V  [jvm.dll+0x62ae9a]
V  [jvm.dll+0x7817a9]
V  [jvm.dll+0x782f03]
V  [jvm.dll+0x783563]
V  [jvm.dll+0x216325]
V  [jvm.dll+0x97f3a]
V  [jvm.dll+0x9861c]
V  [jvm.dll+0x32e305]
V  [jvm.dll+0x18e1ba]
V  [jvm.dll+0x1ea822]
V  [jvm.dll+0x1e996e]
V  [jvm.dll+0x178567]
V  [jvm.dll+0x1f9225]
V  [jvm.dll+0x1f72cc]
V  [jvm.dll+0x74495d]
V  [jvm.dll+0x73d75a]
V  [jvm.dll+0x629c56]
C  [ucrtbase.dll+0x21bb2]
C  [KERNEL32.DLL+0x17034]
C  [ntdll.dll+0x52651]


---------------  P R O C E S S  ---------------

Threads class SMR info:
_java_thread_list=0x000002a80f853290, length=19, elements={
0x000002a87f51e9b0, 0x000002a87f52f530, 0x000002a87f547260, 0x000002a87f549b30,
0x000002a87f54b400, 0x000002a87f54f6a0, 0x000002a87f554070, 0x000002a80f020040,
0x000002a80f0d8b20, 0x000002a80f10b2b0, 0x000002a80f66bde0, 0x000002a80f61cb10,
0x000002a80f5a76f0, 0x000002a80fbd8500, 0x000002a80fbfe030, 0x000002a810e70e60,
0x000002a810e6f650, 0x000002a810e6ecb0, 0x000002a810e6de40
}

Java Threads: ( => current thread )
  0x000002a87f51e9b0 JavaThread "Reference Handler" daemon [_thread_blocked, id=64552, stack(0x000000d54ea00000,0x000000d54eb00000)]
  0x000002a87f52f530 JavaThread "Finalizer" daemon [_thread_blocked, id=64764, stack(0x000000d54eb00000,0x000000d54ec00000)]
  0x000002a87f547260 JavaThread "Signal Dispatcher" daemon [_thread_blocked, id=65048, stack(0x000000d54ec00000,0x000000d54ed00000)]
  0x000002a87f549b30 JavaThread "Attach Listener" daemon [_thread_blocked, id=62324, stack(0x000000d54ed00000,0x000000d54ee00000)]
  0x000002a87f54b400 JavaThread "Service Thread" daemon [_thread_blocked, id=61672, stack(0x000000d54ee00000,0x000000d54ef00000)]
=>0x000002a87f54f6a0 JavaThread "C2 CompilerThread0" daemon [_thread_in_native, id=56844, stack(0x000000d54ef00000,0x000000d54f000000)]
  0x000002a87f554070 JavaThread "C1 CompilerThread0" daemon [_thread_blocked, id=32036, stack(0x000000d54f000000,0x000000d54f100000)]
  0x000002a80f020040 JavaThread "Sweeper thread" daemon [_thread_blocked, id=64708, stack(0x000000d54f100000,0x000000d54f200000)]
  0x000002a80f0d8b20 JavaThread "Notification Thread" daemon [_thread_blocked, id=61764, stack(0x000000d54f200000,0x000000d54f300000)]
  0x000002a80f10b2b0 JavaThread "Common-Cleaner" daemon [_thread_blocked, id=65108, stack(0x000000d54f400000,0x000000d54f500000)]
  0x000002a80f66bde0 JavaThread "mysql-cj-abandoned-connection-cleanup" daemon [_thread_blocked, id=34128, stack(0x000000d54f600000,0x000000d54f700000)]
  0x000002a80f61cb10 JavaThread "oracle.jdbc.driver.BlockSource.ThreadedCachingBlockSource.BlockReleaser" daemon [_thread_blocked, id=61880, stack(0x000000d54f700000,0x000000d54f800000)]
  0x000002a80f5a76f0 JavaThread "InterruptTimer" daemon [_thread_blocked, id=62832, stack(0x000000d54fb00000,0x000000d54fc00000)]
  0x000002a80fbd8500 JavaThread "Java2D Disposer" daemon [_thread_blocked, id=63876, stack(0x000000d54f500000,0x000000d54f600000)]
  0x000002a80fbfe030 JavaThread "AWT-Windows" daemon [_thread_in_native, id=61396, stack(0x000000d54fd00000,0x000000d54fe00000)]
  0x000002a810e70e60 JavaThread "AWT-Shutdown" [_thread_blocked, id=37192, stack(0x000000d54fc00000,0x000000d54fd00000)]
  0x000002a810e6f650 JavaThread "AWT-EventQueue-0" [_thread_blocked, id=62000, stack(0x000000d550000000,0x000000d550100000)]
  0x000002a810e6ecb0 JavaThread "DestroyJavaVM" [_thread_blocked, id=32196, stack(0x000000d54e300000,0x000000d54e400000)]
  0x000002a810e6de40 JavaThread "TimerQueue" daemon [_thread_blocked, id=63852, stack(0x000000d550400000,0x000000d550500000)]

Other Threads:
  0x000002a87f51b210 VMThread "VM Thread" [stack: 0x000000d54e900000,0x000000d54ea00000] [id=58976]
  0x000002a80f10afa0 WatcherThread [stack: 0x000000d54f300000,0x000000d54f400000] [id=50980]
  0x000002a870301960 GCTaskThread "GC Thread#0" [stack: 0x000000d54e400000,0x000000d54e500000] [id=29468]
  0x000002a80f35f270 GCTaskThread "GC Thread#1" [stack: 0x000000d54f800000,0x000000d54f900000] [id=64608]
  0x000002a80f35e5b0 GCTaskThread "GC Thread#2" [stack: 0x000000d54f900000,0x000000d54fa00000] [id=65444]
  0x000002a80f35df50 GCTaskThread "GC Thread#3" [stack: 0x000000d54ff00000,0x000000d550000000] [id=64540]
  0x000002a870313750 ConcurrentGCThread "G1 Main Marker" [stack: 0x000000d54e500000,0x000000d54e600000] [id=24468]
  0x000002a8703152d0 ConcurrentGCThread "G1 Conc#0" [stack: 0x000000d54e600000,0x000000d54e700000] [id=64944]
  0x000002a87038cc00 ConcurrentGCThread "G1 Refine#0" [stack: 0x000000d54e700000,0x000000d54e800000] [id=64616]
  0x000002a80f507540 ConcurrentGCThread "G1 Refine#1" [stack: 0x000000d54fa00000,0x000000d54fb00000] [id=27212]
  0x000002a87038d710 ConcurrentGCThread "G1 Young RemSet Sampling" [stack: 0x000000d54e800000,0x000000d54e900000] [id=64672]

Threads with active compile tasks:
C2 CompilerThread0  10680833 2538       4       java.net.URLStreamHandler::parseURL (1201 bytes)

VM state: not at safepoint (normal execution)

VM Mutex/Monitor currently owned by a thread: None

Heap address: 0x0000000081400000, size: 2028 MB, Compressed Oops mode: 32-bit
CDS archive(s) mapped at: [0x0000000800000000-0x0000000800b50000-0x0000000800b50000), size 11862016, SharedBaseAddress: 0x0000000800000000, ArchiveRelocationMode: 0.
Compressed class space mapped at: 0x0000000800b50000-0x0000000840b50000, size: 1073741824
Narrow klass base: 0x0000000800000000, Narrow klass shift: 3, Narrow klass range: 0x100000000

GC Precious Log:
 CPUs: 4 total, 4 available
 Memory: 8110M
 Large Page Support: Disabled
 NUMA Support: Disabled
 Compressed Oops: Enabled (32-bit)
 Heap Region Size: 1M
 Heap Min Capacity: 8M
 Heap Initial Capacity: 128M
 Heap Max Capacity: 2028M
 Pre-touch: Disabled
 Parallel Workers: 4
 Concurrent Workers: 1
 Concurrent Refinement Workers: 4
 Periodic GC: Disabled

Heap:
 garbage-first heap   total 45056K, used 14854K [0x0000000081400000, 0x0000000100000000)
  region size 1024K, 7 young (7168K), 2 survivors (2048K)
 Metaspace       used 22338K, capacity 22615K, committed 22912K, reserved 1069056K
  class space    used 2502K, capacity 2598K, committed 2688K, reserved 1048576K

Heap Regions: E=young(eden), S=young(survivor), O=old, HS=humongous(starts), HC=humongous(continues), CS=collection set, F=free, OA=open archive, CA=closed archive, TAMS=top-at-mark-start (previous, next)
|   0|0x0000000081400000, 0x0000000081500000, 0x0000000081500000|100%| O|  |TAMS 0x0000000081500000, 0x0000000081400000| Untracked 
|   1|0x0000000081500000, 0x0000000081600000, 0x0000000081600000|100%| O|  |TAMS 0x0000000081600000, 0x0000000081500000| Untracked 
|   2|0x0000000081600000, 0x0000000081700000, 0x0000000081700000|100%| O|  |TAMS 0x0000000081700000, 0x0000000081600000| Untracked 
|   3|0x0000000081700000, 0x0000000081800000, 0x0000000081800000|100%| O|  |TAMS 0x000000008170b600, 0x0000000081700000| Untracked 
|   4|0x0000000081800000, 0x0000000081800000, 0x0000000081900000|  0%| F|  |TAMS 0x0000000081800000, 0x0000000081800000| Untracked 
|   5|0x0000000081900000, 0x0000000081900000, 0x0000000081a00000|  0%| F|  |TAMS 0x0000000081900000, 0x0000000081900000| Untracked 
|   6|0x0000000081a00000, 0x0000000081a00000, 0x0000000081b00000|  0%| F|  |TAMS 0x0000000081a00000, 0x0000000081a00000| Untracked 
|   7|0x0000000081b00000, 0x0000000081c00000, 0x0000000081c00000|100%|HS|  |TAMS 0x0000000081c00000, 0x0000000081b00000| Complete 
|   8|0x0000000081c00000, 0x0000000081d00000, 0x0000000081d00000|100%|HC|  |TAMS 0x0000000081d00000, 0x0000000081c00000| Complete 
|   9|0x0000000081d00000, 0x0000000081e00000, 0x0000000081e00000|100%|HC|  |TAMS 0x0000000081e00000, 0x0000000081d00000| Complete 
|  10|0x0000000081e00000, 0x0000000081f00000, 0x0000000081f00000|100%|HC|  |TAMS 0x0000000081f00000, 0x0000000081e00000| Complete 
|  11|0x0000000081f00000, 0x0000000081f00000, 0x0000000082000000|  0%| F|  |TAMS 0x0000000081f00000, 0x0000000081f00000| Untracked 
|  12|0x0000000082000000, 0x0000000082100000, 0x0000000082100000|100%| O|  |TAMS 0x0000000082000000, 0x0000000082000000| Untracked 
|  13|0x0000000082100000, 0x0000000082110600, 0x0000000082200000|  6%| O|  |TAMS 0x0000000082100000, 0x0000000082100000| Untracked 
|  14|0x0000000082200000, 0x0000000082200000, 0x0000000082300000|  0%| F|  |TAMS 0x0000000082200000, 0x0000000082200000| Untracked 
|  15|0x0000000082300000, 0x0000000082300000, 0x0000000082400000|  0%| F|  |TAMS 0x0000000082300000, 0x0000000082300000| Untracked 
|  16|0x0000000082400000, 0x0000000082400000, 0x0000000082500000|  0%| F|  |TAMS 0x0000000082400000, 0x0000000082400000| Untracked 
|  17|0x0000000082500000, 0x0000000082500000, 0x0000000082600000|  0%| F|  |TAMS 0x0000000082500000, 0x0000000082500000| Untracked 
|  18|0x0000000082600000, 0x0000000082600000, 0x0000000082700000|  0%| F|  |TAMS 0x0000000082600000, 0x0000000082600000| Untracked 
|  19|0x0000000082700000, 0x0000000082700000, 0x0000000082800000|  0%| F|  |TAMS 0x0000000082700000, 0x0000000082700000| Untracked 
|  20|0x0000000082800000, 0x0000000082800000, 0x0000000082900000|  0%| F|  |TAMS 0x0000000082800000, 0x0000000082800000| Untracked 
|  21|0x0000000082900000, 0x0000000082900000, 0x0000000082a00000|  0%| F|  |TAMS 0x0000000082900000, 0x0000000082900000| Untracked 
|  22|0x0000000082a00000, 0x0000000082a00000, 0x0000000082b00000|  0%| F|  |TAMS 0x0000000082a00000, 0x0000000082a00000| Untracked 
|  23|0x0000000082b00000, 0x0000000082b00000, 0x0000000082c00000|  0%| F|  |TAMS 0x0000000082b00000, 0x0000000082b00000| Untracked 
|  24|0x0000000082c00000, 0x0000000082c00000, 0x0000000082d00000|  0%| F|  |TAMS 0x0000000082c00000, 0x0000000082c00000| Untracked 
|  25|0x0000000082d00000, 0x0000000082d00000, 0x0000000082e00000|  0%| F|  |TAMS 0x0000000082d00000, 0x0000000082d00000| Untracked 
|  26|0x0000000082e00000, 0x0000000082e00000, 0x0000000082f00000|  0%| F|  |TAMS 0x0000000082e00000, 0x0000000082e00000| Untracked 
|  27|0x0000000082f00000, 0x0000000082f00000, 0x0000000083000000|  0%| F|  |TAMS 0x0000000082f00000, 0x0000000082f00000| Untracked 
|  28|0x0000000083000000, 0x0000000083000000, 0x0000000083100000|  0%| F|  |TAMS 0x0000000083000000, 0x0000000083000000| Untracked 
|  29|0x0000000083100000, 0x0000000083100000, 0x0000000083200000|  0%| F|  |TAMS 0x0000000083100000, 0x0000000083100000| Untracked 
|  30|0x0000000083200000, 0x0000000083200000, 0x0000000083300000|  0%| F|  |TAMS 0x0000000083200000, 0x0000000083200000| Untracked 
|  31|0x0000000083300000, 0x0000000083300000, 0x0000000083400000|  0%| F|  |TAMS 0x0000000083300000, 0x0000000083300000| Untracked 
|  32|0x0000000083400000, 0x0000000083400000, 0x0000000083500000|  0%| F|  |TAMS 0x0000000083400000, 0x0000000083400000| Untracked 
|  33|0x0000000083500000, 0x0000000083500000, 0x0000000083600000|  0%| F|  |TAMS 0x0000000083500000, 0x0000000083500000| Untracked 
|  34|0x0000000083600000, 0x0000000083600000, 0x0000000083700000|  0%| F|  |TAMS 0x0000000083600000, 0x0000000083600000| Untracked 
|  35|0x0000000083700000, 0x0000000083700000, 0x0000000083800000|  0%| F|  |TAMS 0x0000000083700000, 0x0000000083700000| Untracked 
|  36|0x0000000083800000, 0x0000000083800000, 0x0000000083900000|  0%| F|  |TAMS 0x0000000083800000, 0x0000000083800000| Untracked 
|  37|0x0000000083900000, 0x00000000839b9b40, 0x0000000083a00000| 72%| E|  |TAMS 0x0000000083900000, 0x0000000083900000| Complete 
|  38|0x0000000083a00000, 0x0000000083b00000, 0x0000000083b00000|100%| E|CS|TAMS 0x0000000083a00000, 0x0000000083a00000| Complete 
|  39|0x0000000083b00000, 0x0000000083c00000, 0x0000000083c00000|100%| E|CS|TAMS 0x0000000083b00000, 0x0000000083b00000| Complete 
|  40|0x0000000083c00000, 0x0000000083d00000, 0x0000000083d00000|100%| E|CS|TAMS 0x0000000083c00000, 0x0000000083c00000| Complete 
| 120|0x0000000088c00000, 0x0000000088c71368, 0x0000000088d00000| 44%| S|CS|TAMS 0x0000000088c00000, 0x0000000088c00000| Complete 
| 121|0x0000000088d00000, 0x0000000088e00000, 0x0000000088e00000|100%| S|CS|TAMS 0x0000000088d00000, 0x0000000088d00000| Complete 
| 127|0x0000000089300000, 0x0000000089400000, 0x0000000089400000|100%| E|CS|TAMS 0x0000000089300000, 0x0000000089300000| Complete 

Card table byte_map: [0x000002a878900000,0x000002a878d00000] _byte_map_base: 0x000002a8784f6000

Marking Bits (Prev, Next): (CMBitMap*) 0x000002a8703030b0, (CMBitMap*) 0x000002a870303070
 Prev Bits: [0x000002a87b0b0000, 0x000002a87d060000)
 Next Bits: [0x000002a879100000, 0x000002a87b0b0000)

Polling page: 0x000002a86e450000

Metaspace:

Usage:
  Non-class:     19.55 MB capacity,    19.37 MB (>99%) used,   153.33 KB ( <1%) free+waste,    27.44 KB ( <1%) overhead. 
      Class:      2.54 MB capacity,     2.44 MB ( 96%) used,    85.70 KB (  3%) free+waste,    10.00 KB ( <1%) overhead. 
       Both:     22.08 MB capacity,    21.81 MB ( 99%) used,   239.02 KB (  1%) free+waste,    37.44 KB ( <1%) overhead. 

Virtual space:
  Non-class space:       20.00 MB reserved,      19.75 MB ( 99%) committed 
      Class space:        1.00 GB reserved,       2.62 MB ( <1%) committed 
             Both:        1.02 GB reserved,      22.38 MB (  2%) committed 

Chunk freelists:
   Non-Class:  15.00 KB
       Class:  26.00 KB
        Both:  41.00 KB

MaxMetaspaceSize: 17179869184.00 GB
CompressedClassSpaceSize: 1.00 GB

CodeHeap 'non-profiled nmethods': size=120000Kb used=796Kb max_used=796Kb free=119204Kb
 bounds [0x000002a807ad0000, 0x000002a807d40000, 0x000002a80f000000]
CodeHeap 'profiled nmethods': size=120000Kb used=4847Kb max_used=4847Kb free=115153Kb
 bounds [0x000002a8005a0000, 0x000002a800a60000, 0x000002a807ad0000]
CodeHeap 'non-nmethods': size=5760Kb used=1419Kb max_used=1465Kb free=4340Kb
 bounds [0x000002a800000000, 0x000002a800270000, 0x000002a8005a0000]
 total_blobs=3277 nmethods=2535 adapters=654
 compilation: enabled
              stopped_count=0, restarted_count=0
 full_count=0

Compilation events (20 events):
Event: 3977.107 Thread 0x000002a87f54f6a0 nmethod 2528 0x000002a807b88390 code [0x000002a807b88540, 0x000002a807b88d38]
Event: 5378.203 Thread 0x000002a87f54f6a0 2529       4       java.util.TaskQueue::rescheduleMin (16 bytes)
Event: 5378.207 Thread 0x000002a87f54f6a0 nmethod 2529 0x000002a807b89310 code [0x000002a807b894a0, 0x000002a807b89578]
Event: 5506.203 Thread 0x000002a87f54f6a0 2530       4       oracle.net.nt.Clock$1::run (10 bytes)
Event: 5506.213 Thread 0x000002a87f54f6a0 nmethod 2530 0x000002a807b89690 code [0x000002a807b89800, 0x000002a807b89898]
Event: 6013.895 Thread 0x000002a87f54f6a0 2531       4       java.lang.String::indexOf (64 bytes)
Event: 6013.905 Thread 0x000002a87f54f6a0 nmethod 2531 0x000002a807b89990 code [0x000002a807b89b00, 0x000002a807b89d38]
Event: 8878.921 Thread 0x000002a87f54f6a0 2532   !   4       java.net.URL::<init> (543 bytes)
Event: 8879.055 Thread 0x000002a87f54f6a0 nmethod 2532 0x000002a807b89e10 code [0x000002a807b8a060, 0x000002a807b8c0e0]
Event: 9209.186 Thread 0x000002a87f54f6a0 2533       4       java.net.URLStreamHandler::setURL (73 bytes)
Event: 9209.217 Thread 0x000002a87f54f6a0 nmethod 2533 0x000002a807b8d090 code [0x000002a807b8d260, 0x000002a807b8e0a8]
Event: 9774.682 Thread 0x000002a87f54f6a0 2534       4       jdk.internal.module.Resources::toPackageName (39 bytes)
Event: 9774.689 Thread 0x000002a87f54f6a0 nmethod 2534 0x000002a807b8e710 code [0x000002a807b8e8a0, 0x000002a807b8ead8]
Event: 9799.722 Thread 0x000002a87f54f6a0 2535   !   4       jdk.internal.loader.BuiltinClassLoader::findMiscResource (122 bytes)
Event: 9799.754 Thread 0x000002a87f54f6a0 nmethod 2535 0x000002a807b8ec90 code [0x000002a807b8ee40, 0x000002a807b8f6c8]
Event: 9829.740 Thread 0x000002a87f54f6a0 2536   !   4       jdk.internal.loader.BuiltinClassLoader::findResource (154 bytes)
Event: 9829.971 Thread 0x000002a87f54f6a0 nmethod 2536 0x000002a807b8fb90 code [0x000002a807b8ff20, 0x000002a807b943e0]
Event: 10460.283 Thread 0x000002a87f54f6a0 2537       4       java.lang.ref.ReferenceQueue::reallyPoll (65 bytes)
Event: 10460.288 Thread 0x000002a87f54f6a0 nmethod 2537 0x000002a807b96a10 code [0x000002a807b96ba0, 0x000002a807b96f38]
Event: 10680.492 Thread 0x000002a87f54f6a0 2538       4       java.net.URLStreamHandler::parseURL (1201 bytes)

GC Heap History (6 events):
Event: 2.967 GC heap before
{Heap before GC invocations=0 (full 0):
 garbage-first heap   total 131072K, used 13312K [0x0000000081400000, 0x0000000100000000)
  region size 1024K, 13 young (13312K), 0 survivors (0K)
 Metaspace       used 8303K, capacity 8488K, committed 8704K, reserved 1056768K
  class space    used 847K, capacity 902K, committed 1024K, reserved 1048576K
}
Event: 2.978 GC heap after
{Heap after GC invocations=1 (full 0):
 garbage-first heap   total 131072K, used 3056K [0x0000000081400000, 0x0000000100000000)
  region size 1024K, 2 young (2048K), 2 survivors (2048K)
 Metaspace       used 8303K, capacity 8488K, committed 8704K, reserved 1056768K
  class space    used 847K, capacity 902K, committed 1024K, reserved 1048576K
}
Event: 5.116 GC heap before
{Heap before GC invocations=1 (full 0):
 garbage-first heap   total 131072K, used 15344K [0x0000000081400000, 0x0000000100000000)
  region size 1024K, 15 young (15360K), 2 survivors (2048K)
 Metaspace       used 15615K, capacity 15806K, committed 16000K, reserved 1062912K
  class space    used 1734K, capacity 1823K, committed 1920K, reserved 1048576K
}
Event: 5.131 GC heap after
{Heap after GC invocations=2 (full 0):
 garbage-first heap   total 131072K, used 5165K [0x0000000081400000, 0x0000000100000000)
  region size 1024K, 2 young (2048K), 2 survivors (2048K)
 Metaspace       used 15615K, capacity 15806K, committed 16000K, reserved 1062912K
  class space    used 1734K, capacity 1823K, committed 1920K, reserved 1048576K
}
Event: 10.590 GC heap before
{Heap before GC invocations=2 (full 0):
 garbage-first heap   total 131072K, used 18477K [0x0000000081400000, 0x0000000100000000)
  region size 1024K, 8 young (8192K), 2 survivors (2048K)
 Metaspace       used 20958K, capacity 21239K, committed 21504K, reserved 1069056K
  class space    used 2411K, capacity 2502K, committed 2560K, reserved 1048576K
}
Event: 10.598 GC heap after
{Heap after GC invocations=3 (full 0):
 garbage-first heap   total 131072K, used 10758K [0x0000000081400000, 0x0000000100000000)
  region size 1024K, 2 young (2048K), 2 survivors (2048K)
 Metaspace       used 20958K, capacity 21239K, committed 21504K, reserved 1069056K
  class space    used 2411K, capacity 2502K, committed 2560K, reserved 1048576K
}

Deoptimization events (20 events):
Event: 6.406 Thread 0x000002a8702c1ad0 DEOPT PACKING pc=0x000002a807b4b148 sp=0x000000d54e3fd120
Event: 6.406 Thread 0x000002a8702c1ad0 DEOPT UNPACKING pc=0x000002a80004e42f sp=0x000000d54e3fd0a8 mode 2
Event: 6.979 Thread 0x000002a8702c1ad0 DEOPT PACKING pc=0x000002a8007cde82 sp=0x000000d54e3fdf30
Event: 6.980 Thread 0x000002a8702c1ad0 DEOPT UNPACKING pc=0x000002a80004e23f sp=0x000000d54e3fd440 mode 0
Event: 10.574 Thread 0x000002a810e6f650 Uncommon trap: trap_request=0xffffffde fr.pc=0x000002a807b1effc relative=0x000000000000017c
Event: 10.574 Thread 0x000002a810e6f650 Uncommon trap: reason=class_check action=maybe_recompile pc=0x000002a807b1effc method=java.lang.String.equals(Ljava/lang/Object;)Z @ 8 c2
Event: 10.574 Thread 0x000002a810e6f650 DEOPT PACKING pc=0x000002a807b1effc sp=0x000000d5500fe410
Event: 10.574 Thread 0x000002a810e6f650 DEOPT UNPACKING pc=0x000002a80004e42f sp=0x000000d5500fe3a8 mode 2
Event: 10.574 Thread 0x000002a810e6f650 Uncommon trap: trap_request=0xffffffde fr.pc=0x000002a807b1effc relative=0x000000000000017c
Event: 10.574 Thread 0x000002a810e6f650 Uncommon trap: reason=class_check action=maybe_recompile pc=0x000002a807b1effc method=java.lang.String.equals(Ljava/lang/Object;)Z @ 8 c2
Event: 10.574 Thread 0x000002a810e6f650 DEOPT PACKING pc=0x000002a807b1effc sp=0x000000d5500fe410
Event: 10.575 Thread 0x000002a810e6f650 DEOPT UNPACKING pc=0x000002a80004e42f sp=0x000000d5500fe3a8 mode 2
Event: 10.753 Thread 0x000002a810e6f650 Uncommon trap: trap_request=0xffffffde fr.pc=0x000002a807b1effc relative=0x000000000000017c
Event: 10.753 Thread 0x000002a810e6f650 Uncommon trap: reason=class_check action=maybe_recompile pc=0x000002a807b1effc method=java.lang.String.equals(Ljava/lang/Object;)Z @ 8 c2
Event: 10.753 Thread 0x000002a810e6f650 DEOPT PACKING pc=0x000002a807b1effc sp=0x000000d5500fe410
Event: 10.753 Thread 0x000002a810e6f650 DEOPT UNPACKING pc=0x000002a80004e42f sp=0x000000d5500fe3a8 mode 2
Event: 10.753 Thread 0x000002a810e6f650 Uncommon trap: trap_request=0xffffffde fr.pc=0x000002a807b1effc relative=0x000000000000017c
Event: 10.753 Thread 0x000002a810e6f650 Uncommon trap: reason=class_check action=maybe_recompile pc=0x000002a807b1effc method=java.lang.String.equals(Ljava/lang/Object;)Z @ 8 c2
Event: 10.753 Thread 0x000002a810e6f650 DEOPT PACKING pc=0x000002a807b1effc sp=0x000000d5500fe410
Event: 10.753 Thread 0x000002a810e6f650 DEOPT UNPACKING pc=0x000002a80004e42f sp=0x000000d5500fe3a8 mode 2

Classes unloaded (0 events):
No events

Classes redefined (0 events):
No events

Internal exceptions (20 events):
Event: 2.162 Thread 0x000002a8702c1ad0 Exception <a 'java/lang/NoClassDefFoundError'{0x0000000088d530b8}: oracle/security/pki/OraclePKIProvider> (0x0000000088d530b8) 
thrown [./open/src/hotspot/share/classfile/systemDictionary.cpp, line 284]
Event: 2.579 Thread 0x000002a8702c1ad0 Exception <a 'java/lang/NoSuchMethodError'{0x000000008899fea8}: 'int java.lang.invoke.DirectMethodHandle$Holder.invokeStaticInit(java.lang.Object, java.lang.Object, java.lang.Object, java.lang.Object)'> (0x000000008899fea8) 
thrown [./open/src/hotspot/share/interpreter/linkResolver.cpp, line 782]
Event: 2.580 Thread 0x000002a8702c1ad0 Exception <a 'java/lang/IncompatibleClassChangeError'{0x00000000889a9738}: Found class java.lang.Object, but interface was expected> (0x00000000889a9738) 
thrown [./open/src/hotspot/share/interpreter/linkResolver.cpp, line 848]
Event: 2.581 Thread 0x000002a8702c1ad0 Exception <a 'java/lang/NoSuchMethodError'{0x00000000889ac668}: 'void java.lang.invoke.DirectMethodHandle$Holder.invokeStaticInit(java.lang.Object, java.lang.Object)'> (0x00000000889ac668) 
thrown [./open/src/hotspot/share/interpreter/linkResolver.cpp, line 782]
Event: 2.582 Thread 0x000002a8702c1ad0 Exception <a 'java/lang/NoSuchMethodError'{0x00000000889b27d0}: 'int java.lang.invoke.DirectMethodHandle$Holder.invokeStaticInit(java.lang.Object, java.lang.Object)'> (0x00000000889b27d0) 
thrown [./open/src/hotspot/share/interpreter/linkResolver.cpp, line 782]
Event: 2.628 Thread 0x000002a8702c1ad0 Exception <a 'java/lang/NoSuchMethodError'{0x0000000088819ca8}: 'java.lang.Object java.lang.invoke.DirectMethodHandle$Holder.invokeStaticInit(java.lang.Object, int, int, int, int)'> (0x0000000088819ca8) 
thrown [./open/src/hotspot/share/interpreter/linkResolver.cpp, line 782]
Event: 2.632 Thread 0x000002a8702c1ad0 Exception <a 'sun/nio/fs/WindowsException'{0x00000000888204f0}> (0x00000000888204f0) 
thrown [./open/src/hotspot/share/prims/jni.cpp, line 578]
Event: 2.690 Thread 0x000002a8702c1ad0 Exception <a 'java/lang/NoClassDefFoundError'{0x0000000088882c08}: oracle/dms/console/DMSConsole> (0x0000000088882c08) 
thrown [./open/src/hotspot/share/classfile/systemDictionary.cpp, line 284]
Event: 2.690 Thread 0x000002a8702c1ad0 Exception <a 'java/lang/reflect/InvocationTargetException'{0x0000000088882ed8}> (0x0000000088882ed8) 
thrown [./open/src/hotspot/share/runtime/reflection.cpp, line 1157]
Event: 2.987 Thread 0x000002a8702c1ad0 Exception <a 'java/lang/NoSuchMethodError'{0x0000000089328a50}: 'java.lang.Object java.lang.invoke.DirectMethodHandle$Holder.invokeStaticInit(java.lang.Object, java.lang.Object, int, int, int, int)'> (0x0000000089328a50) 
thrown [./open/src/hotspot/share/interpreter/linkResolver.cpp, line 782]
Event: 3.233 Thread 0x000002a8702c1ad0 Exception <a 'java/lang/NoSuchMethodError'{0x0000000089145710}: 'int java.lang.invoke.DirectMethodHandle$Holder.invokeSpecialIFC(java.lang.Object, java.lang.Object, java.lang.Object)'> (0x0000000089145710) 
thrown [./open/src/hotspot/share/interpreter/linkResolver.cpp, line 782]
Event: 3.307 Thread 0x000002a8702c1ad0 Exception <a 'java/lang/NoSuchMethodError'{0x00000000891b1b80}: 'java.lang.Object java.lang.invoke.DirectMethodHandle$Holder.invokeVirtual(java.lang.Object, java.lang.Object, int)'> (0x00000000891b1b80) 
thrown [./open/src/hotspot/share/interpreter/linkResolver.cpp, line 782]
Event: 4.830 Thread 0x000002a8702c1ad0 Exception <a 'java/lang/NoSuchMethodError'{0x00000000888a1d30}: 'java.lang.Object java.lang.invoke.DirectMethodHandle$Holder.newInvokeSpecial(java.lang.Object, java.lang.Object, java.lang.Object, java.lang.Object, java.lang.Object)'> (0x00000000888a1d30) 
thrown [./open/src/hotspot/share/interpreter/linkResolver.cpp, line 782]
Event: 4.838 Thread 0x000002a8702c1ad0 Exception <a 'java/lang/NoSuchMethodError'{0x00000000888ad728}: 'java.lang.Object java.lang.invoke.DirectMethodHandle$Holder.invokeStatic(java.lang.Object, int, java.lang.Object, java.lang.Object, java.lang.Object, java.lang.Object)'> (0x00000000888ad728) 
thrown [./open/src/hotspot/share/interpreter/linkResolver.cpp, line 782]
Event: 4.855 Thread 0x000002a8702c1ad0 Exception <a 'java/lang/NoSuchMethodError'{0x00000000888d39e8}: 'java.lang.Object java.lang.invoke.DirectMethodHandle$Holder.invokeStatic(java.lang.Object, int, java.lang.Object)'> (0x00000000888d39e8) 
thrown [./open/src/hotspot/share/interpreter/linkResolver.cpp, line 782]
Event: 5.014 Thread 0x000002a8702c1ad0 Exception <a 'java/lang/ClassNotFoundException'{0x000000008878b490}: com/sun/swing/internal/plaf/metal/resources/spi/metalProvider> (0x000000008878b490) 
thrown [./open/src/hotspot/share/classfile/systemDictionary.cpp, line 295]
Event: 5.021 Thread 0x000002a8702c1ad0 Exception <a 'java/lang/ClassNotFoundException'{0x000000008878f7f8}: com/sun/swing/internal/plaf/basic/resources/spi/basicProvider> (0x000000008878f7f8) 
thrown [./open/src/hotspot/share/classfile/systemDictionary.cpp, line 295]
Event: 5.064 Thread 0x000002a8702c1ad0 Implicit null exception at 0x000002a807b1fee0 to 0x000002a807b1ff72
Event: 5.108 Thread 0x000002a810e6e7e0 Exception <a 'java/lang/NoSuchMethodError'{0x00000000887e2220}: 'java.lang.Object java.lang.invoke.DirectMethodHandle$Holder.newInvokeSpecial(java.lang.Object, java.lang.Object, java.lang.Object, int, int, int, int, int)'> (0x00000000887e2220) 
thrown [./open/src/hotspot/share/interpreter/linkResolver.cpp, line 782]
Event: 6.460 Thread 0x000002a8702c1ad0 Exception <a 'java/io/FileNotFoundException'{0x00000000890aa798}> (0x00000000890aa798) 
thrown [./open/src/hotspot/share/prims/jni.cpp, line 578]

Events (20 events):
Event: 21.672 Executing VM operation: HandshakeAllThreads
Event: 21.675 Executing VM operation: HandshakeAllThreads done
Event: 22.674 Executing VM operation: HandshakeAllThreads
Event: 22.675 Executing VM operation: HandshakeAllThreads done
Event: 23.091 loading class javax/swing/event/ListSelectionEvent
Event: 23.091 loading class javax/swing/event/ListSelectionEvent done
Event: 23.105 loading class javax/swing/plaf/BorderUIResource$LineBorderUIResource
Event: 23.106 loading class javax/swing/plaf/BorderUIResource$LineBorderUIResource done
Event: 23.681 Executing VM operation: HandshakeAllThreads
Event: 23.681 Executing VM operation: HandshakeAllThreads done
Event: 24.681 Executing VM operation: HandshakeAllThreads
Event: 24.681 Executing VM operation: HandshakeAllThreads done
Event: 26.751 loading class java/awt/KeyboardFocusManager$2
Event: 26.751 loading class java/awt/KeyboardFocusManager$2 done
Event: 26.752 loading class sun/awt/SunToolkit$1
Event: 26.752 loading class sun/awt/SunToolkit$1 done
Event: 6800.939 loading class java/awt/desktop/SystemSleepListener
Event: 6800.943 loading class java/awt/desktop/SystemEventListener
Event: 6800.953 loading class java/awt/desktop/SystemEventListener done
Event: 6800.953 loading class java/awt/desktop/SystemSleepListener done


Dynamic libraries:
0x00007ff6dac90000 - 0x00007ff6dac9f000 	C:\Program Files\Java\jdk-15.0.2\bin\javaw.exe
0x00007ffa98c30000 - 0x00007ffa98e25000 	C:\WINDOWS\SYSTEM32\ntdll.dll
0x00007ffa97ad0000 - 0x00007ffa97b8d000 	C:\WINDOWS\System32\KERNEL32.DLL
0x00007ffa96420000 - 0x00007ffa966e8000 	C:\WINDOWS\System32\KERNELBASE.dll
0x00007ffa96850000 - 0x00007ffa96950000 	C:\WINDOWS\System32\ucrtbase.dll
0x00007ffa8ce20000 - 0x00007ffa8ce38000 	C:\Program Files\Java\jdk-15.0.2\bin\jli.dll
0x00007ffa98980000 - 0x00007ffa98a2c000 	C:\WINDOWS\System32\ADVAPI32.dll
0x00007ffa96c90000 - 0x00007ffa96d2e000 	C:\WINDOWS\System32\msvcrt.dll
0x00007ffa97ba0000 - 0x00007ffa97c3b000 	C:\WINDOWS\System32\sechost.dll
0x00007ffa97930000 - 0x00007ffa97a5b000 	C:\WINDOWS\System32\RPCRT4.dll
0x00007ffa98740000 - 0x00007ffa988e0000 	C:\WINDOWS\System32\USER32.dll
0x00007ffa96a50000 - 0x00007ffa96a72000 	C:\WINDOWS\System32\win32u.dll
0x00007ffa98b60000 - 0x00007ffa98b8a000 	C:\WINDOWS\System32\GDI32.dll
0x00007ffa96ad0000 - 0x00007ffa96bdb000 	C:\WINDOWS\System32\gdi32full.dll
0x00007ffa96950000 - 0x00007ffa969ed000 	C:\WINDOWS\System32\msvcp_win.dll
0x00007ffa8cdc0000 - 0x00007ffa8cdd9000 	C:\Program Files\Java\jdk-15.0.2\bin\VCRUNTIME140.dll
0x00007ffa87060000 - 0x00007ffa872fa000 	C:\WINDOWS\WinSxS\amd64_microsoft.windows.common-controls_6595b64144ccf1df_6.0.19041.844_none_ca00b6081b84eb1d\COMCTL32.dll
0x00007ffa8cfc0000 - 0x00007ffa8cfca000 	C:\WINDOWS\SYSTEM32\VERSION.dll
0x00007ffa98950000 - 0x00007ffa98980000 	C:\WINDOWS\System32\IMM32.DLL
0x00007ffa90c20000 - 0x00007ffa90c2c000 	C:\Program Files\Java\jdk-15.0.2\bin\vcruntime140_1.dll
0x00007ffa81030000 - 0x00007ffa810c1000 	C:\Program Files\Java\jdk-15.0.2\bin\msvcp140.dll
0x00007ffa525c0000 - 0x00007ffa5311e000 	C:\Program Files\Java\jdk-15.0.2\bin\server\jvm.dll
0x00007ffa97c60000 - 0x00007ffa97c68000 	C:\WINDOWS\System32\PSAPI.DLL
0x00007ffa94380000 - 0x00007ffa94389000 	C:\WINDOWS\SYSTEM32\WSOCK32.dll
0x00007ffa988e0000 - 0x00007ffa9894b000 	C:\WINDOWS\System32\WS2_32.dll
0x00007ffa88da0000 - 0x00007ffa88dc7000 	C:\WINDOWS\SYSTEM32\WINMM.dll
0x00007ffa94c40000 - 0x00007ffa94c52000 	C:\WINDOWS\SYSTEM32\kernel.appcore.dll
0x00007ffa8fe00000 - 0x00007ffa8fe0a000 	C:\Program Files\Java\jdk-15.0.2\bin\jimage.dll
0x00007ffa94170000 - 0x00007ffa94354000 	C:\WINDOWS\SYSTEM32\DBGHELP.DLL
0x00007ffa8dca0000 - 0x00007ffa8dccc000 	C:\WINDOWS\SYSTEM32\dbgcore.DLL
0x00007ffa96be0000 - 0x00007ffa96c60000 	C:\WINDOWS\System32\bcryptPrimitives.dll
0x00007ffa8cd90000 - 0x00007ffa8cdb5000 	C:\Program Files\Java\jdk-15.0.2\bin\java.dll
0x00007ffa96db0000 - 0x00007ffa974f2000 	C:\WINDOWS\System32\SHELL32.dll
0x00007ffa94390000 - 0x00007ffa94b20000 	C:\WINDOWS\SYSTEM32\windows.storage.dll
0x00007ffa97500000 - 0x00007ffa97855000 	C:\WINDOWS\System32\combase.dll
0x00007ffa95de0000 - 0x00007ffa95e0c000 	C:\WINDOWS\SYSTEM32\Wldp.dll
0x00007ffa985b0000 - 0x00007ffa9865e000 	C:\WINDOWS\System32\SHCORE.dll
0x00007ffa97a70000 - 0x00007ffa97ac5000 	C:\WINDOWS\System32\shlwapi.dll
0x00007ffa962b0000 - 0x00007ffa962cf000 	C:\WINDOWS\SYSTEM32\profapi.dll
0x00007ffa8cba0000 - 0x00007ffa8cbb9000 	C:\Program Files\Java\jdk-15.0.2\bin\net.dll
0x00007ffa8d860000 - 0x00007ffa8d96b000 	C:\WINDOWS\SYSTEM32\WINHTTP.dll
0x00007ffa95b50000 - 0x00007ffa95bba000 	C:\WINDOWS\system32\mswsock.dll
0x00007ffa8cb80000 - 0x00007ffa8cb92000 	C:\Program Files\Java\jdk-15.0.2\bin\nio.dll
0x00007ffa8cbc0000 - 0x00007ffa8cbd8000 	C:\Program Files\Java\jdk-15.0.2\bin\zip.dll
0x00007ffa67520000 - 0x00007ffa676a0000 	C:\Program Files\Java\jdk-15.0.2\bin\awt.dll
0x00007ffa97860000 - 0x00007ffa9792d000 	C:\WINDOWS\System32\OLEAUT32.dll
0x00007ffa93640000 - 0x00007ffa936d0000 	C:\WINDOWS\SYSTEM32\apphelp.dll
0x00007ffa8ee30000 - 0x00007ffa8ee39000 	C:\Program Files\Java\jdk-15.0.2\bin\management.dll
0x00007ffa8ec00000 - 0x00007ffa8ec0b000 	C:\Program Files\Java\jdk-15.0.2\bin\management_ext.dll
0x00007ffa95d20000 - 0x00007ffa95d38000 	C:\WINDOWS\SYSTEM32\CRYPTSP.dll
0x00007ffa95480000 - 0x00007ffa954b4000 	C:\WINDOWS\system32\rsaenh.dll
0x00007ffa96c60000 - 0x00007ffa96c87000 	C:\WINDOWS\System32\bcrypt.dll
0x00007ffa96230000 - 0x00007ffa9625e000 	C:\WINDOWS\SYSTEM32\USERENV.dll
0x00007ffa95d40000 - 0x00007ffa95d4c000 	C:\WINDOWS\SYSTEM32\CRYPTBASE.dll
0x00007ffa957f0000 - 0x00007ffa9582b000 	C:\WINDOWS\SYSTEM32\IPHLPAPI.DLL
0x00007ffa97a60000 - 0x00007ffa97a68000 	C:\WINDOWS\System32\NSI.dll
0x00007ffa8c740000 - 0x00007ffa8c757000 	C:\WINDOWS\SYSTEM32\dhcpcsvc6.DLL
0x00007ffa8cfa0000 - 0x00007ffa8cfbd000 	C:\WINDOWS\SYSTEM32\dhcpcsvc.DLL
0x00007ffa95840000 - 0x00007ffa9590c000 	C:\WINDOWS\SYSTEM32\DNSAPI.dll
0x00007ffa85f10000 - 0x00007ffa85f27000 	C:\WINDOWS\system32\napinsp.dll
0x00007ffa85db0000 - 0x00007ffa85dcb000 	C:\WINDOWS\system32\pnrpnsp.dll
0x00007ffa90c90000 - 0x00007ffa90ca5000 	C:\WINDOWS\system32\wshbth.dll
0x00007ffa8ea50000 - 0x00007ffa8ea6d000 	C:\WINDOWS\system32\NLAapi.dll
0x00007ffa85d90000 - 0x00007ffa85da2000 	C:\WINDOWS\System32\winrnr.dll
0x00007ffa8ac90000 - 0x00007ffa8ac9a000 	C:\Windows\System32\rasadhlp.dll
0x00007ffa8ae20000 - 0x00007ffa8ae9f000 	C:\WINDOWS\System32\fwpuclnt.dll
0x00007ffa8ce10000 - 0x00007ffa8ce1d000 	C:\Program Files\Java\jdk-15.0.2\bin\sunmscapi.dll
0x00007ffa966f0000 - 0x00007ffa9684f000 	C:\WINDOWS\System32\CRYPT32.dll
0x00007ffa95e50000 - 0x00007ffa95e77000 	C:\WINDOWS\SYSTEM32\ncrypt.dll
0x00007ffa95e10000 - 0x00007ffa95e4b000 	C:\WINDOWS\SYSTEM32\NTASN1.dll
0x00007ffa93cf0000 - 0x00007ffa93d1f000 	C:\WINDOWS\system32\DWMAPI.DLL
0x00007ffa939c0000 - 0x00007ffa93a5e000 	C:\WINDOWS\system32\uxtheme.dll
0x00007ffa7fc30000 - 0x00007ffa7fd56000 	C:\WINDOWS\system32\opengl32.dll
0x00007ffa82ec0000 - 0x00007ffa82eec000 	C:\WINDOWS\SYSTEM32\GLU32.dll
0x00007ffa97dc0000 - 0x00007ffa97ed5000 	C:\WINDOWS\System32\MSCTF.dll
0x00007ffa98a30000 - 0x00007ffa98b5a000 	C:\WINDOWS\System32\ole32.dll
0x00007ffa784e0000 - 0x00007ffa78565000 	C:\Program Files\Java\jdk-15.0.2\bin\freetype.dll
0x00007ffa73ae0000 - 0x00007ffa73b89000 	C:\Program Files\Java\jdk-15.0.2\bin\fontmanager.dll
0x00007ffa98090000 - 0x00007ffa98139000 	C:\WINDOWS\System32\clbcatq.dll
0x00007ffa81970000 - 0x00007ffa81b24000 	C:\WINDOWS\SYSTEM32\WindowsCodecs.dll
0x00007ffa7fdc0000 - 0x00007ffa7fdfe000 	C:\WINDOWS\system32\dataexchange.dll
0x00007ffa92080000 - 0x00007ffa922e4000 	C:\WINDOWS\system32\d3d11.dll
0x00007ffa928f0000 - 0x00007ffa92ad5000 	C:\WINDOWS\system32\dcomp.dll
0x00007ffa94cb0000 - 0x00007ffa94da4000 	C:\WINDOWS\system32\dxgi.dll
0x00007ffa8e260000 - 0x00007ffa8e461000 	C:\WINDOWS\system32\twinapi.appcore.dll
0x00007ffa84f50000 - 0x00007ffa85049000 	C:\WINDOWS\SYSTEM32\textinputframework.dll
0x00007ffa92ae0000 - 0x00007ffa92e3e000 	C:\WINDOWS\System32\CoreUIComponents.dll
0x00007ffa931c0000 - 0x00007ffa932b2000 	C:\WINDOWS\System32\CoreMessaging.dll
0x00007ffa950b0000 - 0x00007ffa950e3000 	C:\WINDOWS\SYSTEM32\ntmarta.dll
0x00007ffa91a80000 - 0x00007ffa91bd4000 	C:\WINDOWS\SYSTEM32\wintypes.dll
0x00007ffa6e980000 - 0x00007ffa6ea51000 	C:\Windows\System32\IME\IMEKR\imkrtip.dll
0x00007ffa933c0000 - 0x00007ffa934b7000 	C:\WINDOWS\SYSTEM32\PROPSYS.dll
0x00007ffa6e830000 - 0x00007ffa6e972000 	C:\Windows\System32\IME\shared\imetip.dll
0x00007ffa88d30000 - 0x00007ffa88d96000 	C:\WINDOWS\SYSTEM32\OLEACC.dll
0x00007ffa60e40000 - 0x00007ffa60fee000 	C:\WINDOWS\SYSTEM32\DUI70.dll
0x00007ffa72800000 - 0x00007ffa72841000 	C:\Windows\System32\IME\IMEKR\imkrapi.dll
0x00007ffa910b0000 - 0x00007ffa91150000 	C:\WINDOWS\SYSTEM32\policymanager.dll
0x00007ffa95510000 - 0x00007ffa9559a000 	C:\WINDOWS\SYSTEM32\msvcp110_win.dll
0x00007ffa75450000 - 0x00007ffa7548e000 	C:\Windows\System32\IME\shared\imjkapi.dll

dbghelp: loaded successfully - version: 4.0.5 - missing functions: none
symbol engine: initialized successfully - sym options: 0x614 - pdb path: .;C:\Program Files\Java\jdk-15.0.2\bin;C:\WINDOWS\SYSTEM32;C:\WINDOWS\WinSxS\amd64_microsoft.windows.common-controls_6595b64144ccf1df_6.0.19041.844_none_ca00b6081b84eb1d;C:\Program Files\Java\jdk-15.0.2\bin\server;C:\Windows\System32\IME\IMEKR;C:\Windows\System32\IME\shared

VM Arguments:
jvm_args: -Dfile.encoding=UTF-8 -XX:+ShowCodeDetailsInExceptionMessages 
java_command: Main.selectNotebook
java_class_path (initial): C:\Java_DS\CokeProject\target\classes;C:\Users\User\.m2\repository\com\oracle\database\jdbc\ojdbc8\21.1.0.0\ojdbc8-21.1.0.0.jar;C:\Users\User\.m2\repository\mysql\mysql-connector-java\8.0.25\mysql-connector-java-8.0.25.jar;C:\Users\User\.m2\repository\com\google\protobuf\protobuf-java\3.11.4\protobuf-java-3.11.4.jar;C:\Users\User\.m2\repository\org\projectlombok\lombok\1.18.20\lombok-1.18.20.jar
Launcher Type: SUN_STANDARD

[Global flags]
     intx CICompilerCount                          = 3                                         {product} {ergonomic}
     uint ConcGCThreads                            = 1                                         {product} {ergonomic}
     uint G1ConcRefinementThreads                  = 4                                         {product} {ergonomic}
   size_t G1HeapRegionSize                         = 1048576                                   {product} {ergonomic}
    uintx GCDrainStackTargetSize                   = 64                                        {product} {ergonomic}
   size_t InitialHeapSize                          = 134217728                                 {product} {ergonomic}
   size_t MarkStackSize                            = 4194304                                   {product} {ergonomic}
   size_t MaxHeapSize                              = 2126512128                                {product} {ergonomic}
   size_t MaxNewSize                               = 1275068416                                {product} {ergonomic}
   size_t MinHeapDeltaBytes                        = 1048576                                   {product} {ergonomic}
   size_t MinHeapSize                              = 8388608                                   {product} {ergonomic}
    uintx NonNMethodCodeHeapSize                   = 5832780                                {pd product} {ergonomic}
    uintx NonProfiledCodeHeapSize                  = 122912730                              {pd product} {ergonomic}
    uintx ProfiledCodeHeapSize                     = 122912730                              {pd product} {ergonomic}
    uintx ReservedCodeCacheSize                    = 251658240                              {pd product} {ergonomic}
     bool SegmentedCodeCache                       = true                                      {product} {ergonomic}
     bool ShowCodeDetailsInExceptionMessages       = true                                   {manageable} {command line}
   size_t SoftMaxHeapSize                          = 2126512128                             {manageable} {ergonomic}
     bool UseCompressedClassPointers               = true                                 {lp64_product} {ergonomic}
     bool UseCompressedOops                        = true                                 {lp64_product} {ergonomic}
     bool UseG1GC                                  = true                                      {product} {ergonomic}
     bool UseLargePagesIndividualAllocation        = false                                  {pd product} {ergonomic}

Logging:
Log output configuration:
 #0: stdout all=warning uptime,level,tags
 #1: stderr all=off uptime,level,tags

Environment Variables:
PATH=C:\oraclexe\app\oracle\product\11.2.0\server\bin;C:\Program Files\Common Files\Oracle\Java\javapath;C:\Program Files\Java\jdk-15.0.2\bin;C:\oraclexe\app\oracle\product\11.2.0\server\bin;C:\Program Files (x86)\Intel\iCLS Client\;C:\Program Files\Intel\iCLS Client\;C:\WINDOWS\system32;C:\WINDOWS;C:\WINDOWS\System32\Wbem;C:\WINDOWS\System32\WindowsPowerShell\v1.0\;C:\Program Files\Intel\WiFi\bin\;C:\Program Files\Common Files\Intel\WirelessCommon\;C:\Program Files (x86)\Intel\Intel(R) Management Engine Components\DAL;C:\Program Files\Intel\Intel(R) Management Engine Components\DAL;C:\Program Files (x86)\Intel\Intel(R) Management Engine Components\IPT;C:\Program Files\Intel\Intel(R) Management Engine Components\IPT;C:\WINDOWS\System32\OpenSSH\;C:\Program Files\dotnet\;C:\Program Files\MySQL\MySQL Server 8.0\bin;C:\Program Files\MySQL\MySQL Shell 8.0\bin\;C:\Users\User\AppData\Local\Programs\Python\Python39\Scripts\;C:\Users\User\AppData\Local\Programs\Python\Python39\;C:\Users\User\AppData\Local\Programs\Python\Python38\Scripts\;C:\Users\User\AppData\Local\Programs\Python\Python38\;C:\Users\User\AppData\Local\Microsoft\WindowsApps;;C:\Program Files\JetBrains\PyCharm Community Edition 2019.3.4\bin;;C:\Users\User\AppData\Local\Programs\Microsoft VS Code\bin;C:\Users\User\.dotnet\tools
USERNAME=User
OS=Windows_NT
PROCESSOR_IDENTIFIER=Intel64 Family 6 Model 78 Stepping 3, GenuineIntel



---------------  S Y S T E M  ---------------

OS:
 Windows 10 , 64 bit Build 19041 (10.0.19041.928)
OS uptime: 26 days 2:39 hours

CPU: total 4 (initial active 4) (2 cores per cpu, 2 threads per core) family 6 model 78 stepping 3 microcode 0xcc, cmov, cx8, fxsr, mmx, sse, sse2, sse3, ssse3, sse4.1, sse4.2, popcnt, vzeroupper, avx, avx2, aes, clmul, erms, 3dnowpref, lzcnt, ht, tsc, tscinvbit, bmi1, bmi2, adx, fma, clflush, clflushopt

Memory: 4k page, system-wide physical 8110M (425M free)
TotalPageFile size 32686M (AvailPageFile size 1M)
current process WorkingSet (physical memory assigned to process): 29M, peak: 109M
current process commit charge ("private bytes"): 162M, peak: 238M

vm_info: Java HotSpot(TM) 64-Bit Server VM (15.0.2+7-27) for windows-amd64 JRE (15.0.2+7-27), built on Dec  7 2020 20:07:01 by "mach5one" with unknown MS VC++:1925

END.
